<?xml version="1.0" encoding="UTF-8"?>
<!-- Generated by org.testng.reporters.JUnitXMLReporter -->
<testsuite ignored="0" hostname="DESKTOP-SU3DCJV" failures="2" tests="2" name="Test" time="7.237" errors="0" timestamp="2023-12-22T17:47:21 IST">
  <testcase classname="TestLayer.GeneralDetailsRegTest" name="EnterGeneralDetails" time="0.239">
    <failure type="java.lang.NoClassDefFoundError" message="UtilityLayer/UtilsClass (wrong name: UtilityLayer/utilsClass)">
      <![CDATA[java.lang.NoClassDefFoundError: UtilityLayer/UtilsClass (wrong name: UtilityLayer/utilsClass)
at java.base/java.lang.ClassLoader.defineClass1(Native Method)
at java.base/java.lang.ClassLoader.defineClass(ClassLoader.java:1017)
at java.base/java.security.SecureClassLoader.defineClass(SecureClassLoader.java:150)
at java.base/jdk.internal.loader.BuiltinClassLoader.defineClass(BuiltinClassLoader.java:862)
at java.base/jdk.internal.loader.BuiltinClassLoader.findClassOnClassPathOrNull(BuiltinClassLoader.java:760)
at java.base/jdk.internal.loader.BuiltinClassLoader.loadClassOrNull(BuiltinClassLoader.java:681)
at java.base/jdk.internal.loader.BuiltinClassLoader.loadClass(BuiltinClassLoader.java:639)
at java.base/jdk.internal.loader.ClassLoaders$AppClassLoader.loadClass(ClassLoaders.java:188)
at java.base/java.lang.ClassLoader.loadClass(ClassLoader.java:525)
at PageLayer.GeneralDetailsRegistrationPage.EnterGeneralDetails(GeneralDetailsRegistrationPage.java:74)
at TestLayer.GeneralDetailsRegTest.EnterGeneralDetails(GeneralDetailsRegTest.java:41)
at java.base/java.util.ArrayList.forEach(ArrayList.java:1511)
... Removed 27 stack frames]]>
    </failure>
  </testcase> <!-- EnterGeneralDetails -->
  <testcase classname="TestLayer.GeneralDetailsRegTest" name="EnterGeneralDetails" time="0.182">
    <failure type="java.lang.NoClassDefFoundError" message="UtilityLayer/UtilsClass (wrong name: UtilityLayer/utilsClass)">
      <![CDATA[java.lang.NoClassDefFoundError: UtilityLayer/UtilsClass (wrong name: UtilityLayer/utilsClass)
at PageLayer.GeneralDetailsRegistrationPage.EnterGeneralDetails(GeneralDetailsRegistrationPage.java:74)
at TestLayer.GeneralDetailsRegTest.EnterGeneralDetails(GeneralDetailsRegTest.java:41)
at java.base/java.util.ArrayList.forEach(ArrayList.java:1511)
... Removed 27 stack frames]]>
    </failure>
  </testcase> <!-- EnterGeneralDetails -->
</testsuite> <!-- Test -->
